# JRE version: OpenJDK Runtime Environment (8.0_202-b03) (build 1.8.0_202-release-1483-b03)
# Java VM: OpenJDK 64-Bit Server VM (25.202-b03 mixed mode windows-amd64 compressed oops)
Heap:
 PSYoungGen      total 141824K, used 0K [0x00000000f5580000, 0x00000000fea80000, 0x0000000100000000)
  eden space 131072K, 0% used [0x00000000f5580000,0x00000000f5580000,0x00000000fd580000)
  from space 10752K, 0% used [0x00000000fe000000,0x00000000fe000000,0x00000000fea80000)
  to   space 10752K, 0% used [0x00000000fd580000,0x00000000fd580000,0x00000000fe000000)
 ParOldGen       total 175104K, used 11413K [0x00000000e0000000, 0x00000000eab00000, 0x00000000f5580000)
  object space 175104K, 6% used [0x00000000e0000000,0x00000000e0b25718,0x00000000eab00000)
 Metaspace       used 24653K, capacity 25174K, committed 25344K, reserved 1077248K
  class space    used 3346K, capacity 3517K, committed 3584K, reserved 1048576K
GC Heap History (10 events):
Event: 2.493 GC heap after
Heap after GC invocations=1 (full 0):
 PSYoungGen      total 76288K, used 6898K [0x00000000f5580000, 0x00000000fea80000, 0x0000000100000000)
  eden space 65536K, 0% used [0x00000000f5580000,0x00000000f5580000,0x00000000f9580000)
  from space 10752K, 64% used [0x00000000f9580000,0x00000000f9c3c8b8,0x00000000fa000000)
  to   space 10752K, 0% used [0x00000000fe000000,0x00000000fe000000,0x00000000fea80000)
 ParOldGen       total 175104K, used 16K [0x00000000e0000000, 0x00000000eab00000, 0x00000000f5580000)
  object space 175104K, 0% used [0x00000000e0000000,0x00000000e0004000,0x00000000eab00000)
 Metaspace       used 8600K, capacity 8886K, committed 9216K, reserved 1056768K
  class space    used 1101K, capacity 1177K, committed 1280K, reserved 1048576K
}
Event: 4.795 GC heap before
{Heap before GC invocations=2 (full 0):
 PSYoungGen      total 76288K, used 72434K [0x00000000f5580000, 0x00000000fea80000, 0x0000000100000000)
  eden space 65536K, 100% used [0x00000000f5580000,0x00000000f9580000,0x00000000f9580000)
  from space 10752K, 64% used [0x00000000f9580000,0x00000000f9c3c8b8,0x00000000fa000000)
  to   space 10752K, 0% used [0x00000000fe000000,0x00000000fe000000,0x00000000fea80000)
 ParOldGen       total 175104K, used 16K [0x00000000e0000000, 0x00000000eab00000, 0x00000000f5580000)
  object space 175104K, 0% used [0x00000000e0000000,0x00000000e0004000,0x00000000eab00000)
 Metaspace       used 15468K, capacity 15932K, committed 16256K, reserved 1062912K
  class space    used 2188K, capacity 2332K, committed 2432K, reserved 1048576K
Event: 4.812 GC heap after
Heap after GC invocations=2 (full 0):
 PSYoungGen      total 141824K, used 10449K [0x00000000f5580000, 0x00000000fea80000, 0x0000000100000000)
  eden space 131072K, 0% used [0x00000000f5580000,0x00000000f5580000,0x00000000fd580000)
  from space 10752K, 97% used [0x00000000fe000000,0x00000000fea344a8,0x00000000fea80000)
  to   space 10752K, 0% used [0x00000000fd580000,0x00000000fd580000,0x00000000fe000000)
 ParOldGen       total 175104K, used 24K [0x00000000e0000000, 0x00000000eab00000, 0x00000000f5580000)
  object space 175104K, 0% used [0x00000000e0000000,0x00000000e0006000,0x00000000eab00000)
 Metaspace       used 15468K, capacity 15932K, committed 16256K, reserved 1062912K
  class space    used 2188K, capacity 2332K, committed 2432K, reserved 1048576K
}
Event: 8.406 GC heap before
{Heap before GC invocations=3 (full 0):
 PSYoungGen      total 141824K, used 66124K [0x00000000f5580000, 0x00000000fea80000, 0x0000000100000000)
  eden space 131072K, 42% used [0x00000000f5580000,0x00000000f8bdef08,0x00000000fd580000)
  from space 10752K, 97% used [0x00000000fe000000,0x00000000fea344a8,0x00000000fea80000)
  to   space 10752K, 0% used [0x00000000fd580000,0x00000000fd580000,0x00000000fe000000)
 ParOldGen       total 175104K, used 24K [0x00000000e0000000, 0x00000000eab00000, 0x00000000f5580000)
  object space 175104K, 0% used [0x00000000e0000000,0x00000000e0006000,0x00000000eab00000)
 Metaspace       used 20572K, capacity 21118K, committed 21296K, reserved 1067008K
  class space    used 2931K, capacity 3127K, committed 3200K, reserved 1048576K
Event: 8.417 GC heap after
Heap after GC invocations=3 (full 0):
 PSYoungGen      total 141824K, used 10748K [0x00000000f5580000, 0x00000000fea80000, 0x0000000100000000)
  eden space 131072K, 0% used [0x00000000f5580000,0x00000000f5580000,0x00000000fd580000)
  from space 10752K, 99% used [0x00000000fd580000,0x00000000fdfff2d8,0x00000000fe000000)
  to   space 10752K, 0% used [0x00000000fe000000,0x00000000fe000000,0x00000000fea80000)
 ParOldGen       total 175104K, used 614K [0x00000000e0000000, 0x00000000eab00000, 0x00000000f5580000)
  object space 175104K, 0% used [0x00000000e0000000,0x00000000e0099b20,0x00000000eab00000)
 Metaspace       used 20572K, capacity 21118K, committed 21296K, reserved 1067008K
  class space    used 2931K, capacity 3127K, committed 3200K, reserved 1048576K
}
Event: 8.417 GC heap before
{Heap before GC invocations=4 (full 1):
 PSYoungGen      total 141824K, used 10748K [0x00000000f5580000, 0x00000000fea80000, 0x0000000100000000)
  eden space 131072K, 0% used [0x00000000f5580000,0x00000000f5580000,0x00000000fd580000)
  from space 10752K, 99% used [0x00000000fd580000,0x00000000fdfff2d8,0x00000000fe000000)
  to   space 10752K, 0% used [0x00000000fe000000,0x00000000fe000000,0x00000000fea80000)
 ParOldGen       total 175104K, used 614K [0x00000000e0000000, 0x00000000eab00000, 0x00000000f5580000)
  object space 175104K, 0% used [0x00000000e0000000,0x00000000e0099b20,0x00000000eab00000)
 Metaspace       used 20572K, capacity 21118K, committed 21296K, reserved 1067008K
  class space    used 2931K, capacity 3127K, committed 3200K, reserved 1048576K
Event: 8.455 GC heap after
Heap after GC invocations=4 (full 1):
 PSYoungGen      total 141824K, used 0K [0x00000000f5580000, 0x00000000fea80000, 0x0000000100000000)
  eden space 131072K, 0% used [0x00000000f5580000,0x00000000f5580000,0x00000000fd580000)
  from space 10752K, 0% used [0x00000000fd580000,0x00000000fd580000,0x00000000fe000000)
  to   space 10752K, 0% used [0x00000000fe000000,0x00000000fe000000,0x00000000fea80000)
 ParOldGen       total 175104K, used 11000K [0x00000000e0000000, 0x00000000eab00000, 0x00000000f5580000)
  object space 175104K, 6% used [0x00000000e0000000,0x00000000e0abe300,0x00000000eab00000)
 Metaspace       used 20572K, capacity 21118K, committed 21296K, reserved 1067008K
  class space    used 2931K, capacity 3127K, committed 3200K, reserved 1048576K
}
Event: 8.868 GC heap before
{Heap before GC invocations=5 (full 1):
 PSYoungGen      total 141824K, used 32552K [0x00000000f5580000, 0x00000000fea80000, 0x0000000100000000)
  eden space 131072K, 24% used [0x00000000f5580000,0x00000000f754a238,0x00000000fd580000)
  from space 10752K, 0% used [0x00000000fd580000,0x00000000fd580000,0x00000000fe000000)
  to   space 10752K, 0% used [0x00000000fe000000,0x00000000fe000000,0x00000000fea80000)
 ParOldGen       total 175104K, used 11000K [0x00000000e0000000, 0x00000000eab00000, 0x00000000f5580000)
  object space 175104K, 6% used [0x00000000e0000000,0x00000000e0abe300,0x00000000eab00000)
 Metaspace       used 24653K, capacity 25174K, committed 25344K, reserved 1075200K
  class space    used 3346K, capacity 3517K, committed 3584K, reserved 1048576K
Event: 8.872 GC heap after
Heap after GC invocations=5 (full 1):
 PSYoungGen      total 141824K, used 4955K [0x00000000f5580000, 0x00000000fea80000, 0x0000000100000000)
  eden space 131072K, 0% used [0x00000000f5580000,0x00000000f5580000,0x00000000fd580000)
  from space 10752K, 46% used [0x00000000fe000000,0x00000000fe4d6ea8,0x00000000fea80000)
  to   space 10752K, 0% used [0x00000000fd580000,0x00000000fd580000,0x00000000fe000000)
 ParOldGen       total 175104K, used 11008K [0x00000000e0000000, 0x00000000eab00000, 0x00000000f5580000)
  object space 175104K, 6% used [0x00000000e0000000,0x00000000e0ac0300,0x00000000eab00000)
 Metaspace       used 24653K, capacity 25174K, committed 25344K, reserved 1075200K
  class space    used 3346K, capacity 3517K, committed 3584K, reserved 1048576K
}
Event: 8.872 GC heap before
{Heap before GC invocations=6 (full 2):
 PSYoungGen      total 141824K, used 4955K [0x00000000f5580000, 0x00000000fea80000, 0x0000000100000000)
  eden space 131072K, 0% used [0x00000000f5580000,0x00000000f5580000,0x00000000fd580000)
  from space 10752K, 46% used [0x00000000fe000000,0x00000000fe4d6ea8,0x00000000fea80000)
  to   space 10752K, 0% used [0x00000000fd580000,0x00000000fd580000,0x00000000fe000000)
 ParOldGen       total 175104K, used 11008K [0x00000000e0000000, 0x00000000eab00000, 0x00000000f5580000)
  object space 175104K, 6% used [0x00000000e0000000,0x00000000e0ac0300,0x00000000eab00000)
 Metaspace       used 24653K, capacity 25174K, committed 25344K, reserved 1075200K
  class space    used 3346K, capacity 3517K, committed 3584K, reserved 1048576K

